DEBUG main spark.route.Routes - Adds route: post, /users, spark.RouteImpl$1@6504e3b2
DEBUG main spark.route.Routes - Adds route: get, /users, spark.RouteImpl$1@5e265ba4
DEBUG main spark.route.Routes - Adds route: get, /users/matched/:username, spark.RouteImpl$1@1175e2db
DEBUG main spark.route.Routes - Adds route: post, /users/matched, spark.RouteImpl$1@76ccd017
DEBUG main spark.route.Routes - Adds route: post, /users/exists, spark.RouteImpl$1@26f0a63f
DEBUG main spark.route.Routes - Adds route: post, /users/edit, spark.RouteImpl$1@53bd815b
DEBUG main spark.route.Routes - Adds route: get, /users/potentialMatches/:username, spark.RouteImpl$1@7637f22
DEBUG main spark.route.Routes - Adds route: post, /users/match/:username, spark.RouteImpl$1@762efe5d
DEBUG Thread-0 org.eclipse.jetty.util.log - Logging to org.slf4j.impl.Log4jLoggerAdapter(org.eclipse.jetty.util.log) via org.eclipse.jetty.util.log.Slf4jLog
INFO Thread-0 org.eclipse.jetty.util.log - Logging initialized @554ms
DEBUG Thread-0 org.eclipse.jetty.util.component.ContainerLifeCycle - spark.embeddedserver.jetty.JettyHandler@72840a22 added {org.eclipse.jetty.server.session.HashSessionManager@39dbc733,AUTO}
DEBUG Thread-0 org.eclipse.jetty.util.component.ContainerLifeCycle - org.eclipse.jetty.server.Server@57fa124d added {qtp970729071{STOPPED,8<=0<=200,i=0,q=0},AUTO}
DEBUG Thread-0 org.eclipse.jetty.util.component.ContainerLifeCycle - HttpConnectionFactory@6eb92b20[HTTP/1.1] added {HttpConfiguration@d88d98e{32768/8192,8192/8192,https://:0,[]},POJO}
DEBUG Thread-0 org.eclipse.jetty.util.component.ContainerLifeCycle - ServerConnector@6f91b9f9{null,[]}{0.0.0.0:0} added {org.eclipse.jetty.server.Server@57fa124d,UNMANAGED}
DEBUG Thread-0 org.eclipse.jetty.util.component.ContainerLifeCycle - ServerConnector@6f91b9f9{null,[]}{0.0.0.0:0} added {qtp970729071{STOPPED,8<=0<=200,i=0,q=0},AUTO}
DEBUG Thread-0 org.eclipse.jetty.util.component.ContainerLifeCycle - ServerConnector@6f91b9f9{null,[]}{0.0.0.0:0} added {org.eclipse.jetty.util.thread.ScheduledExecutorScheduler@e41cf49,AUTO}
DEBUG Thread-0 org.eclipse.jetty.util.component.ContainerLifeCycle - ServerConnector@6f91b9f9{null,[]}{0.0.0.0:0} added {org.eclipse.jetty.io.ArrayByteBufferPool@54c03b54,POJO}
DEBUG Thread-0 org.eclipse.jetty.util.component.ContainerLifeCycle - ServerConnector@6f91b9f9{null,[http/1.1]}{0.0.0.0:0} added {HttpConnectionFactory@6eb92b20[HTTP/1.1],AUTO}
DEBUG Thread-0 org.eclipse.jetty.server.ServerConnector - ServerConnector@6f91b9f9{HTTP/1.1,[http/1.1]}{0.0.0.0:0} added HttpConnectionFactory@6eb92b20[HTTP/1.1]
DEBUG Thread-0 org.eclipse.jetty.util.component.ContainerLifeCycle - ServerConnector@6f91b9f9{HTTP/1.1,[http/1.1]}{0.0.0.0:0} added {org.eclipse.jetty.server.ServerConnector$ServerConnectorManager@dc6bb1d,MANAGED}
DEBUG Thread-0 org.eclipse.jetty.util.component.ContainerLifeCycle - org.eclipse.jetty.server.Server@57fa124d added {ServerConnector@6f91b9f9{HTTP/1.1,[http/1.1]}{0.0.0.0:4567},AUTO}
DEBUG Thread-0 org.eclipse.jetty.util.component.ContainerLifeCycle - org.eclipse.jetty.server.Server@57fa124d added {spark.embeddedserver.jetty.JettyHandler@72840a22,MANAGED}
INFO Thread-0 spark.embeddedserver.jetty.EmbeddedJettyServer - == Spark has ignited ...
INFO Thread-0 spark.embeddedserver.jetty.EmbeddedJettyServer - >> Listening on 0.0.0.0:4567
DEBUG Thread-0 org.eclipse.jetty.util.component.AbstractLifeCycle - starting org.eclipse.jetty.server.Server@57fa124d
INFO Thread-0 org.eclipse.jetty.server.Server - jetty-9.3.6.v20151106
DEBUG Thread-0 org.eclipse.jetty.server.handler.AbstractHandler - starting org.eclipse.jetty.server.Server@57fa124d
DEBUG Thread-0 org.eclipse.jetty.util.component.AbstractLifeCycle - starting qtp970729071{STOPPED,8<=0<=200,i=0,q=0}
DEBUG Thread-0 org.eclipse.jetty.util.component.AbstractLifeCycle - STARTED @702ms qtp970729071{STARTED,8<=8<=200,i=1,q=0}
DEBUG Thread-0 org.eclipse.jetty.util.component.AbstractLifeCycle - starting spark.embeddedserver.jetty.JettyHandler@72840a22
DEBUG Thread-0 org.eclipse.jetty.server.handler.AbstractHandler - starting spark.embeddedserver.jetty.JettyHandler@72840a22
DEBUG Thread-0 org.eclipse.jetty.util.component.AbstractLifeCycle - starting org.eclipse.jetty.server.session.HashSessionManager@39dbc733
DEBUG Thread-0 org.eclipse.jetty.util.component.ContainerLifeCycle - org.eclipse.jetty.server.session.HashSessionManager@39dbc733 added {org.eclipse.jetty.util.thread.ScheduledExecutorScheduler@5c02d752,MANAGED}
DEBUG Thread-0 org.eclipse.jetty.util.component.AbstractLifeCycle - starting org.eclipse.jetty.server.session.HashSessionIdManager@5b9f2e77
DEBUG Thread-0 org.eclipse.jetty.util.component.AbstractLifeCycle - STARTED @731ms org.eclipse.jetty.server.session.HashSessionIdManager@5b9f2e77
DEBUG Thread-0 org.eclipse.jetty.util.component.ContainerLifeCycle - org.eclipse.jetty.server.Server@57fa124d added {org.eclipse.jetty.server.session.HashSessionIdManager@5b9f2e77,MANAGED}
DEBUG Thread-0 org.eclipse.jetty.util.component.ContainerLifeCycle - org.eclipse.jetty.server.session.HashSessionManager@39dbc733 added {org.eclipse.jetty.server.session.HashSessionIdManager@5b9f2e77,UNMANAGED}
DEBUG Thread-0 org.eclipse.jetty.util.component.AbstractLifeCycle - starting org.eclipse.jetty.util.thread.ScheduledExecutorScheduler@5c02d752
DEBUG Thread-0 org.eclipse.jetty.util.component.AbstractLifeCycle - STARTED @743ms org.eclipse.jetty.util.thread.ScheduledExecutorScheduler@5c02d752
DEBUG Thread-0 org.eclipse.jetty.util.component.AbstractLifeCycle - STARTED @752ms org.eclipse.jetty.server.session.HashSessionManager@39dbc733
DEBUG Thread-0 org.eclipse.jetty.util.component.AbstractLifeCycle - STARTED @752ms spark.embeddedserver.jetty.JettyHandler@72840a22
DEBUG Thread-0 org.eclipse.jetty.util.component.AbstractLifeCycle - starting ServerConnector@6f91b9f9{HTTP/1.1,[http/1.1]}{0.0.0.0:4567}
WARN Thread-0 org.eclipse.jetty.util.component.AbstractLifeCycle - FAILED ServerConnector@6f91b9f9{HTTP/1.1,[http/1.1]}{0.0.0.0:4567}: java.net.BindException: Address already in use: bind
java.net.BindException: Address already in use: bind
	at sun.nio.ch.Net.bind0(Native Method)
	at sun.nio.ch.Net.bind(Net.java:433)
	at sun.nio.ch.Net.bind(Net.java:425)
	at sun.nio.ch.ServerSocketChannelImpl.bind(ServerSocketChannelImpl.java:223)
	at sun.nio.ch.ServerSocketAdaptor.bind(ServerSocketAdaptor.java:74)
	at org.eclipse.jetty.server.ServerConnector.open(ServerConnector.java:326)
	at org.eclipse.jetty.server.AbstractNetworkConnector.doStart(AbstractNetworkConnector.java:80)
	at org.eclipse.jetty.server.ServerConnector.doStart(ServerConnector.java:244)
	at org.eclipse.jetty.util.component.AbstractLifeCycle.start(AbstractLifeCycle.java:68)
	at org.eclipse.jetty.server.Server.doStart(Server.java:384)
	at org.eclipse.jetty.util.component.AbstractLifeCycle.start(AbstractLifeCycle.java:68)
	at spark.embeddedserver.jetty.EmbeddedJettyServer.ignite(EmbeddedJettyServer.java:129)
	at spark.Service.lambda$init$1(Service.java:452)
	at java.lang.Thread.run(Thread.java:748)
WARN Thread-0 org.eclipse.jetty.util.component.AbstractLifeCycle - FAILED org.eclipse.jetty.server.Server@57fa124d: java.net.BindException: Address already in use: bind
java.net.BindException: Address already in use: bind
	at sun.nio.ch.Net.bind0(Native Method)
	at sun.nio.ch.Net.bind(Net.java:433)
	at sun.nio.ch.Net.bind(Net.java:425)
	at sun.nio.ch.ServerSocketChannelImpl.bind(ServerSocketChannelImpl.java:223)
	at sun.nio.ch.ServerSocketAdaptor.bind(ServerSocketAdaptor.java:74)
	at org.eclipse.jetty.server.ServerConnector.open(ServerConnector.java:326)
	at org.eclipse.jetty.server.AbstractNetworkConnector.doStart(AbstractNetworkConnector.java:80)
	at org.eclipse.jetty.server.ServerConnector.doStart(ServerConnector.java:244)
	at org.eclipse.jetty.util.component.AbstractLifeCycle.start(AbstractLifeCycle.java:68)
	at org.eclipse.jetty.server.Server.doStart(Server.java:384)
	at org.eclipse.jetty.util.component.AbstractLifeCycle.start(AbstractLifeCycle.java:68)
	at spark.embeddedserver.jetty.EmbeddedJettyServer.ignite(EmbeddedJettyServer.java:129)
	at spark.Service.lambda$init$1(Service.java:452)
	at java.lang.Thread.run(Thread.java:748)
ERROR Thread-0 spark.embeddedserver.jetty.EmbeddedJettyServer - ignite failed
java.net.BindException: Address already in use: bind
	at sun.nio.ch.Net.bind0(Native Method)
	at sun.nio.ch.Net.bind(Net.java:433)
	at sun.nio.ch.Net.bind(Net.java:425)
	at sun.nio.ch.ServerSocketChannelImpl.bind(ServerSocketChannelImpl.java:223)
	at sun.nio.ch.ServerSocketAdaptor.bind(ServerSocketAdaptor.java:74)
	at org.eclipse.jetty.server.ServerConnector.open(ServerConnector.java:326)
	at org.eclipse.jetty.server.AbstractNetworkConnector.doStart(AbstractNetworkConnector.java:80)
	at org.eclipse.jetty.server.ServerConnector.doStart(ServerConnector.java:244)
	at org.eclipse.jetty.util.component.AbstractLifeCycle.start(AbstractLifeCycle.java:68)
	at org.eclipse.jetty.server.Server.doStart(Server.java:384)
	at org.eclipse.jetty.util.component.AbstractLifeCycle.start(AbstractLifeCycle.java:68)
	at spark.embeddedserver.jetty.EmbeddedJettyServer.ignite(EmbeddedJettyServer.java:129)
	at spark.Service.lambda$init$1(Service.java:452)
	at java.lang.Thread.run(Thread.java:748)
DEBUG main spark.route.Routes - Adds route: post, /users, spark.RouteImpl$1@6504e3b2
DEBUG main spark.route.Routes - Adds route: get, /users, spark.RouteImpl$1@5e265ba4
DEBUG main spark.route.Routes - Adds route: get, /users/matched/:username, spark.RouteImpl$1@1175e2db
DEBUG main spark.route.Routes - Adds route: post, /users/matched, spark.RouteImpl$1@76ccd017
DEBUG main spark.route.Routes - Adds route: post, /users/exists, spark.RouteImpl$1@26f0a63f
DEBUG main spark.route.Routes - Adds route: post, /users/edit, spark.RouteImpl$1@53bd815b
DEBUG main spark.route.Routes - Adds route: get, /users/potentialMatches/:username, spark.RouteImpl$1@7637f22
DEBUG main spark.route.Routes - Adds route: post, /users/match/:username, spark.RouteImpl$1@762efe5d
DEBUG Thread-0 org.eclipse.jetty.util.log - Logging to org.slf4j.impl.Log4jLoggerAdapter(org.eclipse.jetty.util.log) via org.eclipse.jetty.util.log.Slf4jLog
INFO Thread-0 org.eclipse.jetty.util.log - Logging initialized @511ms
DEBUG Thread-0 org.eclipse.jetty.util.component.ContainerLifeCycle - spark.embeddedserver.jetty.JettyHandler@184efd1c added {org.eclipse.jetty.server.session.HashSessionManager@6a012e07,AUTO}
DEBUG Thread-0 org.eclipse.jetty.util.component.ContainerLifeCycle - org.eclipse.jetty.server.Server@c48fd3e added {qtp1123066604{STOPPED,8<=0<=200,i=0,q=0},AUTO}
DEBUG Thread-0 org.eclipse.jetty.util.component.ContainerLifeCycle - HttpConnectionFactory@661d97c0[HTTP/1.1] added {HttpConfiguration@14521859{32768/8192,8192/8192,https://:0,[]},POJO}
DEBUG Thread-0 org.eclipse.jetty.util.component.ContainerLifeCycle - ServerConnector@494e98be{null,[]}{0.0.0.0:0} added {org.eclipse.jetty.server.Server@c48fd3e,UNMANAGED}
DEBUG Thread-0 org.eclipse.jetty.util.component.ContainerLifeCycle - ServerConnector@494e98be{null,[]}{0.0.0.0:0} added {qtp1123066604{STOPPED,8<=0<=200,i=0,q=0},AUTO}
DEBUG Thread-0 org.eclipse.jetty.util.component.ContainerLifeCycle - ServerConnector@494e98be{null,[]}{0.0.0.0:0} added {org.eclipse.jetty.util.thread.ScheduledExecutorScheduler@5983daca,AUTO}
DEBUG Thread-0 org.eclipse.jetty.util.component.ContainerLifeCycle - ServerConnector@494e98be{null,[]}{0.0.0.0:0} added {org.eclipse.jetty.io.ArrayByteBufferPool@5dddc991,POJO}
DEBUG Thread-0 org.eclipse.jetty.util.component.ContainerLifeCycle - ServerConnector@494e98be{null,[http/1.1]}{0.0.0.0:0} added {HttpConnectionFactory@661d97c0[HTTP/1.1],AUTO}
DEBUG Thread-0 org.eclipse.jetty.server.ServerConnector - ServerConnector@494e98be{HTTP/1.1,[http/1.1]}{0.0.0.0:0} added HttpConnectionFactory@661d97c0[HTTP/1.1]
DEBUG Thread-0 org.eclipse.jetty.util.component.ContainerLifeCycle - ServerConnector@494e98be{HTTP/1.1,[http/1.1]}{0.0.0.0:0} added {org.eclipse.jetty.server.ServerConnector$ServerConnectorManager@19b9cf5b,MANAGED}
DEBUG Thread-0 org.eclipse.jetty.util.component.ContainerLifeCycle - org.eclipse.jetty.server.Server@c48fd3e added {ServerConnector@494e98be{HTTP/1.1,[http/1.1]}{0.0.0.0:4567},AUTO}
DEBUG Thread-0 org.eclipse.jetty.util.component.ContainerLifeCycle - org.eclipse.jetty.server.Server@c48fd3e added {spark.embeddedserver.jetty.JettyHandler@184efd1c,MANAGED}
INFO Thread-0 spark.embeddedserver.jetty.EmbeddedJettyServer - == Spark has ignited ...
INFO Thread-0 spark.embeddedserver.jetty.EmbeddedJettyServer - >> Listening on 0.0.0.0:4567
DEBUG Thread-0 org.eclipse.jetty.util.component.AbstractLifeCycle - starting org.eclipse.jetty.server.Server@c48fd3e
INFO Thread-0 org.eclipse.jetty.server.Server - jetty-9.3.6.v20151106
DEBUG Thread-0 org.eclipse.jetty.server.handler.AbstractHandler - starting org.eclipse.jetty.server.Server@c48fd3e
DEBUG Thread-0 org.eclipse.jetty.util.component.AbstractLifeCycle - starting qtp1123066604{STOPPED,8<=0<=200,i=0,q=0}
DEBUG Thread-0 org.eclipse.jetty.util.component.AbstractLifeCycle - STARTED @650ms qtp1123066604{STARTED,8<=8<=200,i=1,q=0}
DEBUG Thread-0 org.eclipse.jetty.util.component.AbstractLifeCycle - starting spark.embeddedserver.jetty.JettyHandler@184efd1c
DEBUG Thread-0 org.eclipse.jetty.server.handler.AbstractHandler - starting spark.embeddedserver.jetty.JettyHandler@184efd1c
DEBUG Thread-0 org.eclipse.jetty.util.component.AbstractLifeCycle - starting org.eclipse.jetty.server.session.HashSessionManager@6a012e07
DEBUG Thread-0 org.eclipse.jetty.util.component.ContainerLifeCycle - org.eclipse.jetty.server.session.HashSessionManager@6a012e07 added {org.eclipse.jetty.util.thread.ScheduledExecutorScheduler@3baa86ed,MANAGED}
DEBUG Thread-0 org.eclipse.jetty.util.component.AbstractLifeCycle - starting org.eclipse.jetty.server.session.HashSessionIdManager@1b357cd6
DEBUG Thread-0 org.eclipse.jetty.util.component.AbstractLifeCycle - STARTED @675ms org.eclipse.jetty.server.session.HashSessionIdManager@1b357cd6
DEBUG Thread-0 org.eclipse.jetty.util.component.ContainerLifeCycle - org.eclipse.jetty.server.Server@c48fd3e added {org.eclipse.jetty.server.session.HashSessionIdManager@1b357cd6,MANAGED}
DEBUG Thread-0 org.eclipse.jetty.util.component.ContainerLifeCycle - org.eclipse.jetty.server.session.HashSessionManager@6a012e07 added {org.eclipse.jetty.server.session.HashSessionIdManager@1b357cd6,UNMANAGED}
DEBUG Thread-0 org.eclipse.jetty.util.component.AbstractLifeCycle - starting org.eclipse.jetty.util.thread.ScheduledExecutorScheduler@3baa86ed
DEBUG Thread-0 org.eclipse.jetty.util.component.AbstractLifeCycle - STARTED @679ms org.eclipse.jetty.util.thread.ScheduledExecutorScheduler@3baa86ed
DEBUG Thread-0 org.eclipse.jetty.util.component.AbstractLifeCycle - STARTED @682ms org.eclipse.jetty.server.session.HashSessionManager@6a012e07
DEBUG Thread-0 org.eclipse.jetty.util.component.AbstractLifeCycle - STARTED @682ms spark.embeddedserver.jetty.JettyHandler@184efd1c
DEBUG Thread-0 org.eclipse.jetty.util.component.AbstractLifeCycle - starting ServerConnector@494e98be{HTTP/1.1,[http/1.1]}{0.0.0.0:4567}
DEBUG Thread-0 org.eclipse.jetty.util.component.ContainerLifeCycle - ServerConnector@494e98be{HTTP/1.1,[http/1.1]}{0.0.0.0:4567} added {sun.nio.ch.ServerSocketChannelImpl[/0:0:0:0:0:0:0:0:4567],POJO}
DEBUG Thread-0 org.eclipse.jetty.util.component.AbstractLifeCycle - starting org.eclipse.jetty.util.thread.ScheduledExecutorScheduler@5983daca
DEBUG Thread-0 org.eclipse.jetty.util.component.AbstractLifeCycle - STARTED @689ms org.eclipse.jetty.util.thread.ScheduledExecutorScheduler@5983daca
DEBUG Thread-0 org.eclipse.jetty.util.component.AbstractLifeCycle - starting HttpConnectionFactory@661d97c0[HTTP/1.1]
DEBUG Thread-0 org.eclipse.jetty.util.component.AbstractLifeCycle - STARTED @689ms HttpConnectionFactory@661d97c0[HTTP/1.1]
DEBUG Thread-0 org.eclipse.jetty.util.component.AbstractLifeCycle - starting org.eclipse.jetty.server.ServerConnector$ServerConnectorManager@19b9cf5b
DEBUG Thread-0 org.eclipse.jetty.util.component.AbstractLifeCycle - starting org.eclipse.jetty.io.ManagedSelector@789af445 id=0 keys=-1 selected=-1
DEBUG Thread-0 org.eclipse.jetty.util.component.AbstractLifeCycle - STARTED @942ms org.eclipse.jetty.io.ManagedSelector@789af445 id=0 keys=0 selected=0
DEBUG Thread-0 org.eclipse.jetty.util.thread.QueuedThreadPool - queue org.eclipse.jetty.io.ManagedSelector@789af445 id=0 keys=0 selected=0
DEBUG qtp1123066604-14 org.eclipse.jetty.util.thread.QueuedThreadPool - run org.eclipse.jetty.io.ManagedSelector@789af445 id=0 keys=0 selected=0
DEBUG qtp1123066604-14 org.eclipse.jetty.util.thread.strategy.ExecuteProduceConsume - EPR Idle/org.eclipse.jetty.io.ManagedSelector$SelectorProducer@532ec1f execute
DEBUG qtp1123066604-14 org.eclipse.jetty.util.thread.strategy.ExecuteProduceConsume - EPR Prod/org.eclipse.jetty.io.ManagedSelector$SelectorProducer@532ec1f produce enter
DEBUG qtp1123066604-14 org.eclipse.jetty.util.thread.strategy.ExecuteProduceConsume - EPR Prod/org.eclipse.jetty.io.ManagedSelector$SelectorProducer@532ec1f producing
DEBUG qtp1123066604-14 org.eclipse.jetty.io.ManagedSelector - Selector loop waiting on select
DEBUG Thread-0 org.eclipse.jetty.util.component.AbstractLifeCycle - starting org.eclipse.jetty.io.ManagedSelector@28bd9dc1 id=1 keys=-1 selected=-1
DEBUG Thread-0 org.eclipse.jetty.util.component.AbstractLifeCycle - STARTED @948ms org.eclipse.jetty.io.ManagedSelector@28bd9dc1 id=1 keys=0 selected=0
DEBUG Thread-0 org.eclipse.jetty.util.thread.QueuedThreadPool - queue org.eclipse.jetty.io.ManagedSelector@28bd9dc1 id=1 keys=0 selected=0
DEBUG qtp1123066604-15 org.eclipse.jetty.util.thread.QueuedThreadPool - run org.eclipse.jetty.io.ManagedSelector@28bd9dc1 id=1 keys=0 selected=0
DEBUG qtp1123066604-15 org.eclipse.jetty.util.thread.strategy.ExecuteProduceConsume - EPR Idle/org.eclipse.jetty.io.ManagedSelector$SelectorProducer@530bf1a4 execute
DEBUG qtp1123066604-15 org.eclipse.jetty.util.thread.strategy.ExecuteProduceConsume - EPR Prod/org.eclipse.jetty.io.ManagedSelector$SelectorProducer@530bf1a4 produce enter
DEBUG qtp1123066604-15 org.eclipse.jetty.util.thread.strategy.ExecuteProduceConsume - EPR Prod/org.eclipse.jetty.io.ManagedSelector$SelectorProducer@530bf1a4 producing
DEBUG qtp1123066604-15 org.eclipse.jetty.io.ManagedSelector - Selector loop waiting on select
DEBUG Thread-0 org.eclipse.jetty.util.component.AbstractLifeCycle - STARTED @951ms org.eclipse.jetty.server.ServerConnector$ServerConnectorManager@19b9cf5b
DEBUG Thread-0 org.eclipse.jetty.util.component.ContainerLifeCycle - ServerConnector@494e98be{HTTP/1.1,[http/1.1]}{0.0.0.0:4567} added {acceptor-0@3288f1f2,POJO}
DEBUG Thread-0 org.eclipse.jetty.util.thread.QueuedThreadPool - queue acceptor-0@3288f1f2
DEBUG qtp1123066604-16 org.eclipse.jetty.util.thread.QueuedThreadPool - run acceptor-0@3288f1f2
INFO Thread-0 org.eclipse.jetty.server.ServerConnector - Started ServerConnector@494e98be{HTTP/1.1,[http/1.1]}{0.0.0.0:4567}
DEBUG Thread-0 org.eclipse.jetty.util.component.AbstractLifeCycle - STARTED @966ms ServerConnector@494e98be{HTTP/1.1,[http/1.1]}{0.0.0.0:4567}
INFO Thread-0 org.eclipse.jetty.server.Server - Started @972ms
DEBUG Thread-0 org.eclipse.jetty.util.component.AbstractLifeCycle - STARTED @973ms org.eclipse.jetty.server.Server@c48fd3e
DEBUG org.eclipse.jetty.server.session.HashSessionManager@6a012e07Timer org.eclipse.jetty.server.session - Scavenging sessions at 1538982503280
